<?xml version="1.0" encoding="UTF-8"?>
<!-- Generated by org.testng.reporters.JUnitXMLReporter -->
<testsuite ignored="0" hostname="Swapnil" failures="1" tests="2" name="LoginTest" time="0.062" errors="0" timestamp="2022-12-05T15:54:32 IST">
  <testcase classname="Listeners.LoginTest" name="LoginByEmail" time="0.009"/>
  <testcase classname="Listeners.LoginTest" name="loginByFacebook" time="0.008">
    <failure type="java.lang.AssertionError" message="expected [Rajwadkar] but found [Sopya]">
      <![CDATA[java.lang.AssertionError: expected [Rajwadkar] but found [Sopya]
at Listeners.LoginTest.loginByFacebook(LoginTest.java:20)
at java.base/java.util.ArrayList.forEach(ArrayList.java:1511)
... Removed 31 stack frames]]>
    </failure>
  </testcase> <!-- loginByFacebook -->
</testsuite> <!-- LoginTest -->
